<?xml version="1.0" encoding="UTF-8"?>
<coverage generated="1638817268428" clover="3.2.0">
  <project timestamp="1638817268428" name="All files">
    <metrics statements="9" coveredstatements="7" conditionals="6" coveredconditionals="3" methods="2" coveredmethods="2" elements="17" coveredelements="12" complexity="0" loc="9" ncloc="9" packages="1" files="1" classes="1"/>
    <file name="map.js" path="C:\Users\guilherme.taira\Documents\reactjs-ninja\map-jest\src\map\map.js">
      <metrics statements="9" coveredstatements="7" conditionals="6" coveredconditionals="3" methods="2" coveredmethods="2"/>
      <line num="3" count="1" type="cond" truecount="1" falsecount="1"/>
      <line num="4" count="6" type="cond" truecount="1" falsecount="1"/>
      <line num="5" count="0" type="stmt"/>
      <line num="7" count="6" type="cond" truecount="1" falsecount="1"/>
      <line num="8" count="0" type="stmt"/>
      <line num="10" count="6" type="stmt"/>
      <line num="11" count="6" type="stmt"/>
      <line num="12" count="11" type="stmt"/>
      <line num="14" count="6" type="stmt"/>
    </file>
  </project>
</coverage>
