{"C:\\Users\\guilherme.taira\\Documents\\reactjs-ninja\\map-jest\\src\\map\\map.js": {"path":"C:\\Users\\guilherme.taira\\Documents\\reactjs-ninja\\map-jest\\src\\map\\map.js","statementMap":{"0":{"start":{"line":3,"column":12},"end":{"line":15,"column":1}},"1":{"start":{"line":4,"column":4},"end":{"line":5,"column":50}},"2":{"start":{"line":5,"column":8},"end":{"line":5,"column":50}},"3":{"start":{"line":7,"column":4},"end":{"line":8,"column":53}},"4":{"start":{"line":8,"column":8},"end":{"line":8,"column":53}},"5":{"start":{"line":10,"column":17},"end":{"line":10,"column":19}},"6":{"start":{"line":11,"column":4},"end":{"line":13,"column":5}},"7":{"start":{"line":11,"column":17},"end":{"line":11,"column":18}},"8":{"start":{"line":12,"column":8},"end":{"line":12,"column":41}},"9":{"start":{"line":14,"column":4},"end":{"line":14,"column":17}}},"fnMap":{"0":{"name":"(anonymous_0)","decl":{"start":{"line":3,"column":12},"end":{"line":3,"column":13}},"loc":{"start":{"line":3,"column":43},"end":{"line":15,"column":1}},"line":3},"1":{"name":"(anonymous_1)","decl":{"start":{"line":3,"column":30},"end":{"line":3,"column":31}},"loc":{"start":{"line":3,"column":36},"end":{"line":3,"column":38}},"line":3}},"branchMap":{"0":{"loc":{"start":{"line":3,"column":13},"end":{"line":3,"column":21}},"type":"default-arg","locations":[{"start":{"line":3,"column":19},"end":{"line":3,"column":21}}],"line":3},"1":{"loc":{"start":{"line":3,"column":23},"end":{"line":3,"column":38}},"type":"default-arg","locations":[{"start":{"line":3,"column":30},"end":{"line":3,"column":38}}],"line":3},"2":{"loc":{"start":{"line":4,"column":4},"end":{"line":5,"column":50}},"type":"if","locations":[{"start":{"line":4,"column":4},"end":{"line":5,"column":50}},{"start":{},"end":{}}],"line":4},"3":{"loc":{"start":{"line":7,"column":4},"end":{"line":8,"column":53}},"type":"if","locations":[{"start":{"line":7,"column":4},"end":{"line":8,"column":53}},{"start":{},"end":{}}],"line":7}},"s":{"0":1,"1":6,"2":0,"3":6,"4":0,"5":6,"6":6,"7":6,"8":11,"9":6},"f":{"0":6,"1":1},"b":{"0":[0],"1":[1],"2":[0,6],"3":[0,6]},"_coverageSchema":"1a1c01bbd47fc00a2c39e90264f33305004495a9","hash":"19bf6a73f281f01a1b8566ccd530389a2f758c9c"}
}
